<?xml version="1.0" encoding="UTF-8"?>
<testsuite xmlns:xsi="http://www.w3.org/2001/XMLSchema-instance" xsi:noNamespaceSchemaLocation="https://maven.apache.org/surefire/maven-surefire-plugin/xsd/surefire-test-report.xsd" name="StatisticUtilsArrayTest" time="0.001" tests="5" errors="0" skipped="0" failures="0">
  <properties>
[...]
</properties>
  <testcase name="testGetMean" classname="StatisticUtilsArrayTest" time="0"/>
  <testcase name="testGetMaximum" classname="StatisticUtilsArrayTest" time="0"/>
  <testcase name="testGetMedian" classname="StatisticUtilsArrayTest" time="0"/>
  <testcase name="testGetStd" classname="StatisticUtilsArrayTest" time="0"/>
  <testcase name="testGetMinimum" classname="StatisticUtilsArrayTest" time="0"/>
</testsuite>